[2013-02-07 21:34:40] request.ERROR: Symfony\Component\HttpKernel\Exception\NotFoundHttpException: No route found for "GET /" (uncaught exception) at /var/www/symphony/vendor/symfony/symfony/src/Symfony/Component/HttpKernel/EventListener/RouterListener.php line 92 [] []
[2013-02-07 21:35:57] request.ERROR: Symfony\Component\HttpKernel\Exception\NotFoundHttpException: No route found for "GET /" (uncaught exception) at /var/www/symphony/vendor/symfony/symfony/src/Symfony/Component/HttpKernel/EventListener/RouterListener.php line 92 [] []
[2013-02-07 21:46:10] request.ERROR: Symfony\Component\HttpKernel\Exception\NotFoundHttpException: No route found for "GET /Resources/config/routing/profiler.xml" (uncaught exception) at /var/www/symphony/app/cache/prod/classes.php line 5121 [] []
[2013-02-07 21:53:34] request.ERROR: Symfony\Component\HttpKernel\Exception\NotFoundHttpException: No route found for "GET /" (uncaught exception) at /var/www/symphony/app/cache/prod/classes.php line 5121 [] []
[2013-02-07 23:03:57] request.ERROR: Symfony\Component\HttpKernel\Exception\NotFoundHttpException: No route found for "GET /bundles/obhighcharts/js/highcharts/highcharts.js" (uncaught exception) at /var/www/symphony/app/cache/prod/classes.php line 5121 [] []
[2013-02-07 23:03:57] request.ERROR: Symfony\Component\HttpKernel\Exception\NotFoundHttpException: No route found for "GET /bundles/obhighcharts/js/highcharts/modules/exporting.js" (uncaught exception) at /var/www/symphony/app/cache/prod/classes.php line 5121 [] []
[2013-02-07 23:03:57] request.ERROR: Symfony\Component\HttpKernel\Exception\NotFoundHttpException: No route found for "GET /bundles/obhighcharts/js/highcharts/highcharts.js" (uncaught exception) at /var/www/symphony/app/cache/prod/classes.php line 5121 [] []
[2013-02-07 23:03:57] request.ERROR: Symfony\Component\HttpKernel\Exception\NotFoundHttpException: No route found for "GET /bundles/obhighcharts/js/highcharts/modules/exporting.js" (uncaught exception) at /var/www/symphony/app/cache/prod/classes.php line 5121 [] []
[2013-02-07 23:04:03] request.ERROR: Symfony\Component\HttpKernel\Exception\NotFoundHttpException: No route found for "GET /bundles/obhighcharts/js/highcharts/highcharts.js" (uncaught exception) at /var/www/symphony/app/cache/prod/classes.php line 5121 [] []
[2013-02-07 23:04:03] request.ERROR: Symfony\Component\HttpKernel\Exception\NotFoundHttpException: No route found for "GET /bundles/obhighcharts/js/highcharts/modules/exporting.js" (uncaught exception) at /var/www/symphony/app/cache/prod/classes.php line 5121 [] []
[2013-02-07 23:04:03] request.ERROR: Symfony\Component\HttpKernel\Exception\NotFoundHttpException: No route found for "GET /bundles/obhighcharts/js/highcharts/highcharts.js" (uncaught exception) at /var/www/symphony/app/cache/prod/classes.php line 5121 [] []
[2013-02-07 23:04:03] request.ERROR: Symfony\Component\HttpKernel\Exception\NotFoundHttpException: No route found for "GET /bundles/obhighcharts/js/highcharts/modules/exporting.js" (uncaught exception) at /var/www/symphony/app/cache/prod/classes.php line 5121 [] []
[2013-02-07 23:09:40] request.ERROR: Symfony\Component\HttpKernel\Exception\NotFoundHttpException: No route found for "GET /explain" (uncaught exception) at /var/www/symphony/app/cache/prod/classes.php line 5121 [] []
[2013-02-07 23:09:53] request.ERROR: Symfony\Component\HttpKernel\Exception\NotFoundHttpException: No route found for "GET /" (uncaught exception) at /var/www/symphony/app/cache/prod/classes.php line 5121 [] []
[2013-02-07 23:10:01] request.ERROR: Symfony\Component\HttpKernel\Exception\NotFoundHttpException: No route found for "GET /app-dev.php/" (uncaught exception) at /var/www/symphony/app/cache/prod/classes.php line 5121 [] []
[2013-02-07 23:11:23] request.ERROR: Symfony\Component\HttpKernel\Exception\NotFoundHttpException: No route found for "GET /bundles/obhighcharts/js/highcharts/highcharts.js" (uncaught exception) at /var/www/symphony/app/cache/prod/classes.php line 5121 [] []
[2013-02-07 23:11:23] request.ERROR: Symfony\Component\HttpKernel\Exception\NotFoundHttpException: No route found for "GET /bundles/obhighcharts/js/highcharts/modules/exporting.js" (uncaught exception) at /var/www/symphony/app/cache/prod/classes.php line 5121 [] []
[2013-02-07 23:11:23] request.ERROR: Symfony\Component\HttpKernel\Exception\NotFoundHttpException: No route found for "GET /bundles/obhighcharts/js/highcharts/highcharts.js" (uncaught exception) at /var/www/symphony/app/cache/prod/classes.php line 5121 [] []
[2013-02-07 23:11:23] request.ERROR: Symfony\Component\HttpKernel\Exception\NotFoundHttpException: No route found for "GET /bundles/obhighcharts/js/highcharts/modules/exporting.js" (uncaught exception) at /var/www/symphony/app/cache/prod/classes.php line 5121 [] []
[2013-02-07 23:11:51] request.ERROR: Symfony\Component\HttpKernel\Exception\NotFoundHttpException: No route found for "GET /bundles/obhighcharts/js/highcharts/highcharts.js" (uncaught exception) at /var/www/symphony/app/cache/prod/classes.php line 5121 [] []
[2013-02-07 23:11:51] request.ERROR: Symfony\Component\HttpKernel\Exception\NotFoundHttpException: No route found for "GET /bundles/obhighcharts/js/highcharts/modules/exporting.js" (uncaught exception) at /var/www/symphony/app/cache/prod/classes.php line 5121 [] []
[2013-02-07 23:11:52] request.ERROR: Symfony\Component\HttpKernel\Exception\NotFoundHttpException: No route found for "GET /bundles/obhighcharts/js/highcharts/highcharts.js" (uncaught exception) at /var/www/symphony/app/cache/prod/classes.php line 5121 [] []
[2013-02-07 23:11:52] request.ERROR: Symfony\Component\HttpKernel\Exception\NotFoundHttpException: No route found for "GET /bundles/obhighcharts/js/highcharts/modules/exporting.js" (uncaught exception) at /var/www/symphony/app/cache/prod/classes.php line 5121 [] []
[2013-02-07 23:18:07] request.ERROR: Symfony\Component\HttpKernel\Exception\NotFoundHttpException: No route found for "GET /bundles/obhighcharts/js/highcharts/highcharts.js" (uncaught exception) at /var/www/symphony/app/cache/prod/classes.php line 5121 [] []
[2013-02-07 23:18:07] request.ERROR: Symfony\Component\HttpKernel\Exception\NotFoundHttpException: No route found for "GET /bundles/obhighcharts/js/highcharts/modules/exporting.js" (uncaught exception) at /var/www/symphony/app/cache/prod/classes.php line 5121 [] []
[2013-02-07 23:18:07] request.ERROR: Symfony\Component\HttpKernel\Exception\NotFoundHttpException: No route found for "GET /bundles/obhighcharts/js/highcharts/highcharts.js" (uncaught exception) at /var/www/symphony/app/cache/prod/classes.php line 5121 [] []
[2013-02-07 23:18:08] request.ERROR: Symfony\Component\HttpKernel\Exception\NotFoundHttpException: No route found for "GET /bundles/obhighcharts/js/highcharts/modules/exporting.js" (uncaught exception) at /var/www/symphony/app/cache/prod/classes.php line 5121 [] []
[2013-02-09 13:12:02] request.INFO: Matched route "ts_explain_default_explain" (parameters: "_controller": "Ts\ExplainBundle\Controller\DefaultController::explainAction", "_route": "ts_explain_default_explain") [] []
[2013-02-09 13:12:02] request.CRITICAL: Solarium_Exception: Solr JSON response could not be decoded (uncaught exception) at /var/www/symphony/vendor/solarium/solarium/library/Solarium/Result.php line 139 [] []
[2013-02-09 13:14:05] request.INFO: Matched route "ts_explain_default_explain" (parameters: "_controller": "Ts\ExplainBundle\Controller\DefaultController::explainAction", "_route": "ts_explain_default_explain") [] []
[2013-02-09 13:14:05] request.CRITICAL: Solarium_Exception: Solr JSON response could not be decoded (uncaught exception) at /var/www/symphony/vendor/solarium/solarium/library/Solarium/Result.php line 139 [] []
[2013-02-09 13:14:29] request.INFO: Matched route "ts_explain_default_explain" (parameters: "_controller": "Ts\ExplainBundle\Controller\DefaultController::explainAction", "_route": "ts_explain_default_explain") [] []
[2013-02-09 13:14:29] request.CRITICAL: Solarium_Exception: Solr JSON response could not be decoded (uncaught exception) at /var/www/symphony/vendor/solarium/solarium/library/Solarium/Result.php line 139 [] []
[2013-02-09 13:15:20] request.INFO: Matched route "ts_explain_default_explain" (parameters: "_controller": "Ts\ExplainBundle\Controller\DefaultController::explainAction", "_route": "ts_explain_default_explain") [] []
[2013-02-09 13:15:20] request.CRITICAL: Solarium_Exception: Solr JSON response could not be decoded (uncaught exception) at /var/www/symphony/vendor/solarium/solarium/library/Solarium/Result.php line 139 [] []
[2013-02-09 13:20:09] request.INFO: Matched route "ts_explain_default_explain" (parameters: "_controller": "Ts\ExplainBundle\Controller\DefaultController::explainAction", "_route": "ts_explain_default_explain") [] []
[2013-02-09 13:20:09] request.CRITICAL: Solarium_Exception: Solr JSON response could not be decoded (uncaught exception) at /var/www/symphony/vendor/solarium/solarium/library/Solarium/Result.php line 139 [] []
